<?xml version="1.0" encoding="UTF-8"?>
<testExecutions version="1">
  <file path="C:\Users\pride\react-app\app\src\App.test.js">
    <testCase name="renders Dashboards title" duration="161"/>
  </file>
</testExecutions>